<?xml version="1.0" encoding="UTF-8"?>
<!-- Generated by org.testng.reporters.JUnitReportReporter -->
<testsuite skipped="0" hostname="DESKTOP-SPHSMBT" name="testingforGit.AllertTest" tests="1" failures="0" timestamp="05 Oct 2018 17:03:48 GMT" time="10.028" errors="0">
  <testcase name="test" time="10.028" classname="testingforGit.AllertTest"/>
</testsuite> <!-- testingforGit.AllertTest -->
