<?xml version="1.0" encoding="UTF-8"?>
<!-- Generated by org.testng.reporters.JUnitReportReporter -->
<testsuite skipped="0" hostname="DESKTOP-SPHSMBT" name="testingforGit.AllertTest" tests="1" failures="0" timestamp="06 Oct 2018 05:11:24 GMT" time="11.775" errors="0">
  <testcase name="test" time="11.775" classname="testingforGit.AllertTest"/>
</testsuite> <!-- testingforGit.AllertTest -->
