<?xml version="1.0" encoding="UTF-8"?>
<!-- Generated by org.testng.reporters.JUnitReportReporter -->
<testsuite skipped="0" hostname="DESKTOP-SPHSMBT" name="testingforGit.WindowHandling" tests="1" failures="0" timestamp="05 Oct 2018 15:38:21 GMT" time="15.037" errors="0">
  <testcase name="tere" time="15.037" classname="testingforGit.WindowHandling"/>
</testsuite> <!-- testingforGit.WindowHandling -->
